<?xml version="1.0" encoding="UTF-8"?>
<testng-results ignored="0" total="6" passed="3" failed="3" skipped="0">
  <reporter-output>
  </reporter-output>
  <suite started-at="2025-03-26T10:20:19 IST" name="Suite" finished-at="2025-03-26T10:21:25 IST" duration-ms="65434">
    <groups>
      <group name="regressionTest">
        <method signature="AddDoctorNametest.AddDoctorName()[pri:0, instance:AdminModule.AddDoctorNametest@6743e411]" name="AddDoctorName" class="AdminModule.AddDoctorNametest"/>
        <method signature="AddDoctorNametest.PatientReportDate()[pri:0, instance:AdminModule.AddDoctorNametest@6743e411]" name="PatientReportDate" class="AdminModule.AddDoctorNametest"/>
        <method signature="AddPatientAndSearchPatientTest.AddPatient()[pri:0, instance:DoctorModule.AddPatientAndSearchPatientTest@682b2fa]" name="AddPatient" class="DoctorModule.AddPatientAndSearchPatientTest"/>
        <method signature="AddPatientAndSearchPatientTest.AddPatientAndSearchPatient()[pri:0, instance:DoctorModule.AddPatientAndSearchPatientTest@682b2fa]" name="AddPatientAndSearchPatient" class="DoctorModule.AddPatientAndSearchPatientTest"/>
        <method signature="AddPatientAndSearchPatientTest.UpadatePatientDetails()[pri:0, instance:DoctorModule.AddPatientAndSearchPatientTest@682b2fa]" name="UpadatePatientDetails" class="DoctorModule.AddPatientAndSearchPatientTest"/>
        <method signature="AddPatienttest.AddPatient()[pri:0, instance:DoctorModule.AddPatienttest@3eb25e1a]" name="AddPatient" class="DoctorModule.AddPatienttest"/>
      </group> <!-- regressionTest -->
      <group name="smokeTest">
        <method signature="AddDoctorNametest.AddDoctorName()[pri:0, instance:AdminModule.AddDoctorNametest@6743e411]" name="AddDoctorName" class="AdminModule.AddDoctorNametest"/>
        <method signature="AddDoctorNametest.PatientReportDate()[pri:0, instance:AdminModule.AddDoctorNametest@6743e411]" name="PatientReportDate" class="AdminModule.AddDoctorNametest"/>
        <method signature="AddPatientAndSearchPatientTest.AddPatient()[pri:0, instance:DoctorModule.AddPatientAndSearchPatientTest@682b2fa]" name="AddPatient" class="DoctorModule.AddPatientAndSearchPatientTest"/>
        <method signature="AddPatientAndSearchPatientTest.AddPatientAndSearchPatient()[pri:0, instance:DoctorModule.AddPatientAndSearchPatientTest@682b2fa]" name="AddPatientAndSearchPatient" class="DoctorModule.AddPatientAndSearchPatientTest"/>
        <method signature="AddPatientAndSearchPatientTest.UpadatePatientDetails()[pri:0, instance:DoctorModule.AddPatientAndSearchPatientTest@682b2fa]" name="UpadatePatientDetails" class="DoctorModule.AddPatientAndSearchPatientTest"/>
        <method signature="AddPatienttest.AddPatient()[pri:0, instance:DoctorModule.AddPatienttest@3eb25e1a]" name="AddPatient" class="DoctorModule.AddPatienttest"/>
      </group> <!-- smokeTest -->
    </groups>
    <test started-at="2025-03-26T10:20:19 IST" name="Test" finished-at="2025-03-26T10:21:25 IST" duration-ms="65434">
      <class name="AdminModule.AddDoctorNametest">
        <test-method is-config="true" signature="configBC()[pri:0, instance:AdminModule.AddDoctorNametest@6743e411]" started-at="2025-03-26T10:20:59 IST" name="configBC" finished-at="2025-03-26T10:21:00 IST" duration-ms="964" status="PASS">
          <reporter-output>
          </reporter-output>
        </test-method> <!-- configBC -->
        <test-method is-config="true" signature="configBM()[pri:0, instance:AdminModule.AddDoctorNametest@6743e411]" started-at="2025-03-26T10:21:00 IST" name="configBM" finished-at="2025-03-26T10:21:01 IST" duration-ms="263" status="PASS">
          <reporter-output>
          </reporter-output>
        </test-method> <!-- configBM -->
        <test-method signature="AddDoctorName()[pri:0, instance:AdminModule.AddDoctorNametest@6743e411]" started-at="2025-03-26T10:21:01 IST" name="AddDoctorName" finished-at="2025-03-26T10:21:12 IST" duration-ms="11922" status="PASS">
          <reporter-output>
          </reporter-output>
        </test-method> <!-- AddDoctorName -->
        <test-method is-config="true" signature="configAM()[pri:0, instance:AdminModule.AddDoctorNametest@6743e411]" started-at="2025-03-26T10:21:12 IST" name="configAM" finished-at="2025-03-26T10:21:12 IST" duration-ms="0" status="PASS">
          <reporter-output>
          </reporter-output>
        </test-method> <!-- configAM -->
        <test-method is-config="true" signature="configBM()[pri:0, instance:AdminModule.AddDoctorNametest@6743e411]" started-at="2025-03-26T10:21:12 IST" name="configBM" finished-at="2025-03-26T10:21:12 IST" duration-ms="41" status="PASS">
          <reporter-output>
          </reporter-output>
        </test-method> <!-- configBM -->
        <test-method signature="PatientReportDate()[pri:0, instance:AdminModule.AddDoctorNametest@6743e411]" started-at="2025-03-26T10:21:12 IST" name="PatientReportDate" finished-at="2025-03-26T10:21:15 IST" duration-ms="2852" status="FAIL">
          <exception class="java.lang.AssertionError">
            <message>
              <![CDATA[expected [true] but found [false]]]>
            </message>
            <full-stacktrace>
              <![CDATA[java.lang.AssertionError: expected [true] but found [false]
at org.testng.Assert.fail(Assert.java:111)
at org.testng.Assert.failNotEquals(Assert.java:1578)
at org.testng.Assert.assertTrue(Assert.java:57)
at org.testng.Assert.assertTrue(Assert.java:67)
at AdminModule.AddDoctorNametest.PatientReportDate(AddDoctorNametest.java:121)
at java.base/jdk.internal.reflect.DirectMethodHandleAccessor.invoke(DirectMethodHandleAccessor.java:103)
at java.base/java.lang.reflect.Method.invoke(Method.java:580)
at org.testng.internal.invokers.MethodInvocationHelper.invokeMethod(MethodInvocationHelper.java:141)
at org.testng.internal.invokers.TestInvoker.invokeMethod(TestInvoker.java:686)
at org.testng.internal.invokers.TestInvoker.invokeTestMethod(TestInvoker.java:230)
at org.testng.internal.invokers.MethodRunner.runInSequence(MethodRunner.java:63)
at org.testng.internal.invokers.TestInvoker$MethodInvocationAgent.invoke(TestInvoker.java:992)
at org.testng.internal.invokers.TestInvoker.invokeTestMethods(TestInvoker.java:203)
at org.testng.internal.invokers.TestMethodWorker.invokeTestMethods(TestMethodWorker.java:154)
at org.testng.internal.invokers.TestMethodWorker.run(TestMethodWorker.java:134)
at java.base/java.util.ArrayList.forEach(ArrayList.java:1596)
at org.testng.TestRunner.privateRun(TestRunner.java:739)
at org.testng.TestRunner.run(TestRunner.java:614)
at org.testng.SuiteRunner.runTest(SuiteRunner.java:421)
at org.testng.SuiteRunner.runSequentially(SuiteRunner.java:413)
at org.testng.SuiteRunner.privateRun(SuiteRunner.java:373)
at org.testng.SuiteRunner.run(SuiteRunner.java:312)
at org.testng.SuiteRunnerWorker.runSuite(SuiteRunnerWorker.java:52)
at org.testng.SuiteRunnerWorker.run(SuiteRunnerWorker.java:95)
at org.testng.TestNG.runSuitesSequentially(TestNG.java:1274)
at org.testng.TestNG.runSuitesLocally(TestNG.java:1208)
at org.testng.TestNG.runSuites(TestNG.java:1112)
at org.testng.TestNG.run(TestNG.java:1079)
at org.testng.remote.AbstractRemoteTestNG.run(AbstractRemoteTestNG.java:115)
at org.testng.remote.RemoteTestNG.initAndRun(RemoteTestNG.java:293)
at org.testng.remote.RemoteTestNG.main(RemoteTestNG.java:91)
]]>
            </full-stacktrace>
          </exception> <!-- java.lang.AssertionError -->
          <reporter-output>
          </reporter-output>
        </test-method> <!-- PatientReportDate -->
        <test-method is-config="true" signature="configAC()[pri:0, instance:AdminModule.AddDoctorNametest@6743e411]" started-at="2025-03-26T10:21:15 IST" name="configAC" finished-at="2025-03-26T10:21:16 IST" duration-ms="178" status="PASS">
          <reporter-output>
          </reporter-output>
        </test-method> <!-- configAC -->
        <test-method is-config="true" signature="configAM()[pri:0, instance:AdminModule.AddDoctorNametest@6743e411]" started-at="2025-03-26T10:21:15 IST" name="configAM" finished-at="2025-03-26T10:21:15 IST" duration-ms="0" status="PASS">
          <reporter-output>
          </reporter-output>
        </test-method> <!-- configAM -->
      </class> <!-- AdminModule.AddDoctorNametest -->
      <class name="DoctorModule.AddPatienttest">
        <test-method is-config="true" signature="configBC()[pri:0, instance:DoctorModule.AddPatienttest@3eb25e1a]" started-at="2025-03-26T10:21:16 IST" name="configBC" finished-at="2025-03-26T10:21:17 IST" duration-ms="964" status="PASS">
          <reporter-output>
          </reporter-output>
        </test-method> <!-- configBC -->
        <test-method is-config="true" signature="configBM()[pri:0, instance:DoctorModule.AddPatienttest@3eb25e1a]" started-at="2025-03-26T10:21:17 IST" name="configBM" finished-at="2025-03-26T10:21:17 IST" duration-ms="254" status="PASS">
          <reporter-output>
          </reporter-output>
        </test-method> <!-- configBM -->
        <test-method signature="AddPatient()[pri:0, instance:DoctorModule.AddPatienttest@3eb25e1a]" started-at="2025-03-26T10:21:17 IST" name="AddPatient" finished-at="2025-03-26T10:21:24 IST" duration-ms="7526" status="FAIL">
          <exception class="org.openqa.selenium.StaleElementReferenceException">
            <message>
              <![CDATA[stale element reference: stale element not found
  (Session info: chrome=134.0.6998.119)
For documentation on this error, please visit: https://www.selenium.dev/documentation/webdriver/troubleshooting/errors#stale-element-reference-exception
Build info: version: '4.26.0', revision: '8ccf0219d7'
System info: os.name: 'Windows 11', os.arch: 'amd64', os.version: '10.0', java.version: '21.0.6'
Driver info: org.openqa.selenium.chrome.ChromeDriver
Command: [fd8c916c235c50df0385a4a6d5da545b, clickElement {id=f.4C424ADD1A863D87F799B8A19076F884.d.1A36197BF5A31EC258AF14B9032707E7.e.133}]
Capabilities {acceptInsecureCerts: false, browserName: chrome, browserVersion: 134.0.6998.119, chrome: {chromedriverVersion: 134.0.6998.165 (fd886e2cb29..., userDataDir: C:\Users\abhik\AppData\Loca...}, fedcm:accounts: true, goog:chromeOptions: {debuggerAddress: localhost:55366}, networkConnectionEnabled: false, pageLoadStrategy: normal, platformName: windows, proxy: Proxy(), se:cdp: ws://localhost:55366/devtoo..., se:cdpVersion: 134.0.6998.119, setWindowRect: true, strictFileInteractability: false, timeouts: {implicit: 0, pageLoad: 300000, script: 30000}, unhandledPromptBehavior: dismiss and notify, webauthn:extension:credBlob: true, webauthn:extension:largeBlob: true, webauthn:extension:minPinLength: true, webauthn:extension:prf: true, webauthn:virtualAuthenticators: true}
Element: [[ChromeDriver: chrome on windows (fd8c916c235c50df0385a4a6d5da545b)] -> xpath: //span[contains(text(),'Patients')]]
Session ID: fd8c916c235c50df0385a4a6d5da545b]]>
            </message>
            <full-stacktrace>
              <![CDATA[org.openqa.selenium.StaleElementReferenceException: stale element reference: stale element not found
  (Session info: chrome=134.0.6998.119)
For documentation on this error, please visit: https://www.selenium.dev/documentation/webdriver/troubleshooting/errors#stale-element-reference-exception
Build info: version: '4.26.0', revision: '8ccf0219d7'
System info: os.name: 'Windows 11', os.arch: 'amd64', os.version: '10.0', java.version: '21.0.6'
Driver info: org.openqa.selenium.chrome.ChromeDriver
Command: [fd8c916c235c50df0385a4a6d5da545b, clickElement {id=f.4C424ADD1A863D87F799B8A19076F884.d.1A36197BF5A31EC258AF14B9032707E7.e.133}]
Capabilities {acceptInsecureCerts: false, browserName: chrome, browserVersion: 134.0.6998.119, chrome: {chromedriverVersion: 134.0.6998.165 (fd886e2cb29..., userDataDir: C:\Users\abhik\AppData\Loca...}, fedcm:accounts: true, goog:chromeOptions: {debuggerAddress: localhost:55366}, networkConnectionEnabled: false, pageLoadStrategy: normal, platformName: windows, proxy: Proxy(), se:cdp: ws://localhost:55366/devtoo..., se:cdpVersion: 134.0.6998.119, setWindowRect: true, strictFileInteractability: false, timeouts: {implicit: 0, pageLoad: 300000, script: 30000}, unhandledPromptBehavior: dismiss and notify, webauthn:extension:credBlob: true, webauthn:extension:largeBlob: true, webauthn:extension:minPinLength: true, webauthn:extension:prf: true, webauthn:virtualAuthenticators: true}
Element: [[ChromeDriver: chrome on windows (fd8c916c235c50df0385a4a6d5da545b)] -> xpath: //span[contains(text(),'Patients')]]
Session ID: fd8c916c235c50df0385a4a6d5da545b
at java.base/jdk.internal.reflect.DirectConstructorHandleAccessor.newInstance(DirectConstructorHandleAccessor.java:62)
at java.base/java.lang.reflect.Constructor.newInstanceWithCaller(Constructor.java:502)
at java.base/java.lang.reflect.Constructor.newInstance(Constructor.java:486)
at org.openqa.selenium.remote.ErrorCodec.decode(ErrorCodec.java:167)
at org.openqa.selenium.remote.codec.w3c.W3CHttpResponseCodec.decode(W3CHttpResponseCodec.java:138)
at org.openqa.selenium.remote.codec.w3c.W3CHttpResponseCodec.decode(W3CHttpResponseCodec.java:50)
at org.openqa.selenium.remote.HttpCommandExecutor.execute(HttpCommandExecutor.java:190)
at org.openqa.selenium.remote.service.DriverCommandExecutor.invokeExecute(DriverCommandExecutor.java:216)
at org.openqa.selenium.remote.service.DriverCommandExecutor.execute(DriverCommandExecutor.java:174)
at org.openqa.selenium.remote.RemoteWebDriver.execute(RemoteWebDriver.java:545)
at org.openqa.selenium.remote.RemoteWebElement.execute(RemoteWebElement.java:223)
at org.openqa.selenium.remote.RemoteWebElement.click(RemoteWebElement.java:76)
at java.base/jdk.internal.reflect.DirectMethodHandleAccessor.invoke(DirectMethodHandleAccessor.java:103)
at java.base/java.lang.reflect.Method.invoke(Method.java:580)
at org.openqa.selenium.support.pagefactory.internal.LocatingElementHandler.invoke(LocatingElementHandler.java:51)
at jdk.proxy2/jdk.proxy2.$Proxy19.click(Unknown Source)
at DoctorModule.AddPatienttest.AddPatient(AddPatienttest.java:81)
at java.base/jdk.internal.reflect.DirectMethodHandleAccessor.invoke(DirectMethodHandleAccessor.java:103)
at java.base/java.lang.reflect.Method.invoke(Method.java:580)
at org.testng.internal.invokers.MethodInvocationHelper.invokeMethod(MethodInvocationHelper.java:141)
at org.testng.internal.invokers.TestInvoker.invokeMethod(TestInvoker.java:686)
at org.testng.internal.invokers.TestInvoker.invokeTestMethod(TestInvoker.java:230)
at org.testng.internal.invokers.MethodRunner.runInSequence(MethodRunner.java:63)
at org.testng.internal.invokers.TestInvoker$MethodInvocationAgent.invoke(TestInvoker.java:992)
at org.testng.internal.invokers.TestInvoker.invokeTestMethods(TestInvoker.java:203)
at org.testng.internal.invokers.TestMethodWorker.invokeTestMethods(TestMethodWorker.java:154)
at org.testng.internal.invokers.TestMethodWorker.run(TestMethodWorker.java:134)
at java.base/java.util.ArrayList.forEach(ArrayList.java:1596)
at org.testng.TestRunner.privateRun(TestRunner.java:739)
at org.testng.TestRunner.run(TestRunner.java:614)
at org.testng.SuiteRunner.runTest(SuiteRunner.java:421)
at org.testng.SuiteRunner.runSequentially(SuiteRunner.java:413)
at org.testng.SuiteRunner.privateRun(SuiteRunner.java:373)
at org.testng.SuiteRunner.run(SuiteRunner.java:312)
at org.testng.SuiteRunnerWorker.runSuite(SuiteRunnerWorker.java:52)
at org.testng.SuiteRunnerWorker.run(SuiteRunnerWorker.java:95)
at org.testng.TestNG.runSuitesSequentially(TestNG.java:1274)
at org.testng.TestNG.runSuitesLocally(TestNG.java:1208)
at org.testng.TestNG.runSuites(TestNG.java:1112)
at org.testng.TestNG.run(TestNG.java:1079)
at org.testng.remote.AbstractRemoteTestNG.run(AbstractRemoteTestNG.java:115)
at org.testng.remote.RemoteTestNG.initAndRun(RemoteTestNG.java:293)
at org.testng.remote.RemoteTestNG.main(RemoteTestNG.java:91)
]]>
            </full-stacktrace>
          </exception> <!-- org.openqa.selenium.StaleElementReferenceException -->
          <reporter-output>
          </reporter-output>
        </test-method> <!-- AddPatient -->
        <test-method is-config="true" signature="configAM()[pri:0, instance:DoctorModule.AddPatienttest@3eb25e1a]" started-at="2025-03-26T10:21:25 IST" name="configAM" finished-at="2025-03-26T10:21:25 IST" duration-ms="0" status="PASS">
          <reporter-output>
          </reporter-output>
        </test-method> <!-- configAM -->
        <test-method is-config="true" signature="configAC()[pri:0, instance:DoctorModule.AddPatienttest@3eb25e1a]" started-at="2025-03-26T10:21:25 IST" name="configAC" finished-at="2025-03-26T10:21:25 IST" duration-ms="201" status="PASS">
          <reporter-output>
          </reporter-output>
        </test-method> <!-- configAC -->
      </class> <!-- DoctorModule.AddPatienttest -->
      <class name="DoctorModule.AddPatientAndSearchPatientTest">
        <test-method is-config="true" signature="configBS()[pri:0, instance:DoctorModule.AddPatientAndSearchPatientTest@682b2fa]" started-at="2025-03-26T10:20:19 IST" name="configBS" finished-at="2025-03-26T10:20:19 IST" duration-ms="29" status="PASS">
          <reporter-output>
          </reporter-output>
        </test-method> <!-- configBS -->
        <test-method is-config="true" signature="configBC()[pri:0, instance:DoctorModule.AddPatientAndSearchPatientTest@682b2fa]" started-at="2025-03-26T10:20:19 IST" name="configBC" finished-at="2025-03-26T10:20:21 IST" duration-ms="1327" status="PASS">
          <reporter-output>
          </reporter-output>
        </test-method> <!-- configBC -->
        <test-method is-config="true" signature="configBM()[pri:0, instance:DoctorModule.AddPatientAndSearchPatientTest@682b2fa]" started-at="2025-03-26T10:20:21 IST" name="configBM" finished-at="2025-03-26T10:20:21 IST" duration-ms="268" status="PASS">
          <reporter-output>
          </reporter-output>
        </test-method> <!-- configBM -->
        <test-method signature="AddPatient()[pri:0, instance:DoctorModule.AddPatientAndSearchPatientTest@682b2fa]" started-at="2025-03-26T10:20:21 IST" name="AddPatient" finished-at="2025-03-26T10:20:32 IST" duration-ms="11347" status="PASS">
          <reporter-output>
          </reporter-output>
        </test-method> <!-- AddPatient -->
        <test-method is-config="true" signature="configAM()[pri:0, instance:DoctorModule.AddPatientAndSearchPatientTest@682b2fa]" started-at="2025-03-26T10:20:32 IST" name="configAM" finished-at="2025-03-26T10:20:32 IST" duration-ms="0" status="PASS">
          <reporter-output>
          </reporter-output>
        </test-method> <!-- configAM -->
        <test-method is-config="true" signature="configBM()[pri:0, instance:DoctorModule.AddPatientAndSearchPatientTest@682b2fa]" started-at="2025-03-26T10:20:32 IST" name="configBM" finished-at="2025-03-26T10:20:32 IST" duration-ms="34" status="PASS">
          <reporter-output>
          </reporter-output>
        </test-method> <!-- configBM -->
        <test-method signature="AddPatientAndSearchPatient()[pri:0, instance:DoctorModule.AddPatientAndSearchPatientTest@682b2fa]" started-at="2025-03-26T10:20:32 IST" name="AddPatientAndSearchPatient" finished-at="2025-03-26T10:20:43 IST" duration-ms="10322" status="FAIL">
          <exception class="org.openqa.selenium.StaleElementReferenceException">
            <message>
              <![CDATA[stale element reference: stale element not found
  (Session info: chrome=134.0.6998.119)
For documentation on this error, please visit: https://www.selenium.dev/documentation/webdriver/troubleshooting/errors#stale-element-reference-exception
Build info: version: '4.26.0', revision: '8ccf0219d7'
System info: os.name: 'Windows 11', os.arch: 'amd64', os.version: '10.0', java.version: '21.0.6'
Driver info: org.openqa.selenium.chrome.ChromeDriver
Command: [501bc3e288370170841692f5497d93b9, clickElement {id=f.EE5BA81E29031DBF149B8F38D70CC8A1.d.EA3C32C9E76114E99EA736B98E1491B4.e.313}]
Capabilities {acceptInsecureCerts: false, browserName: chrome, browserVersion: 134.0.6998.119, chrome: {chromedriverVersion: 134.0.6998.165 (fd886e2cb29..., userDataDir: C:\Users\abhik\AppData\Loca...}, fedcm:accounts: true, goog:chromeOptions: {debuggerAddress: localhost:55300}, networkConnectionEnabled: false, pageLoadStrategy: normal, platformName: windows, proxy: Proxy(), se:cdp: ws://localhost:55300/devtoo..., se:cdpVersion: 134.0.6998.119, setWindowRect: true, strictFileInteractability: false, timeouts: {implicit: 0, pageLoad: 300000, script: 30000}, unhandledPromptBehavior: dismiss and notify, webauthn:extension:credBlob: true, webauthn:extension:largeBlob: true, webauthn:extension:minPinLength: true, webauthn:extension:prf: true, webauthn:virtualAuthenticators: true}
Element: [[ChromeDriver: chrome on windows (501bc3e288370170841692f5497d93b9)] -> xpath: //span[contains(text(),'Search')]]
Session ID: 501bc3e288370170841692f5497d93b9]]>
            </message>
            <full-stacktrace>
              <![CDATA[org.openqa.selenium.StaleElementReferenceException: stale element reference: stale element not found
  (Session info: chrome=134.0.6998.119)
For documentation on this error, please visit: https://www.selenium.dev/documentation/webdriver/troubleshooting/errors#stale-element-reference-exception
Build info: version: '4.26.0', revision: '8ccf0219d7'
System info: os.name: 'Windows 11', os.arch: 'amd64', os.version: '10.0', java.version: '21.0.6'
Driver info: org.openqa.selenium.chrome.ChromeDriver
Command: [501bc3e288370170841692f5497d93b9, clickElement {id=f.EE5BA81E29031DBF149B8F38D70CC8A1.d.EA3C32C9E76114E99EA736B98E1491B4.e.313}]
Capabilities {acceptInsecureCerts: false, browserName: chrome, browserVersion: 134.0.6998.119, chrome: {chromedriverVersion: 134.0.6998.165 (fd886e2cb29..., userDataDir: C:\Users\abhik\AppData\Loca...}, fedcm:accounts: true, goog:chromeOptions: {debuggerAddress: localhost:55300}, networkConnectionEnabled: false, pageLoadStrategy: normal, platformName: windows, proxy: Proxy(), se:cdp: ws://localhost:55300/devtoo..., se:cdpVersion: 134.0.6998.119, setWindowRect: true, strictFileInteractability: false, timeouts: {implicit: 0, pageLoad: 300000, script: 30000}, unhandledPromptBehavior: dismiss and notify, webauthn:extension:credBlob: true, webauthn:extension:largeBlob: true, webauthn:extension:minPinLength: true, webauthn:extension:prf: true, webauthn:virtualAuthenticators: true}
Element: [[ChromeDriver: chrome on windows (501bc3e288370170841692f5497d93b9)] -> xpath: //span[contains(text(),'Search')]]
Session ID: 501bc3e288370170841692f5497d93b9
at java.base/jdk.internal.reflect.DirectConstructorHandleAccessor.newInstance(DirectConstructorHandleAccessor.java:62)
at java.base/java.lang.reflect.Constructor.newInstanceWithCaller(Constructor.java:502)
at java.base/java.lang.reflect.Constructor.newInstance(Constructor.java:486)
at org.openqa.selenium.remote.ErrorCodec.decode(ErrorCodec.java:167)
at org.openqa.selenium.remote.codec.w3c.W3CHttpResponseCodec.decode(W3CHttpResponseCodec.java:138)
at org.openqa.selenium.remote.codec.w3c.W3CHttpResponseCodec.decode(W3CHttpResponseCodec.java:50)
at org.openqa.selenium.remote.HttpCommandExecutor.execute(HttpCommandExecutor.java:190)
at org.openqa.selenium.remote.service.DriverCommandExecutor.invokeExecute(DriverCommandExecutor.java:216)
at org.openqa.selenium.remote.service.DriverCommandExecutor.execute(DriverCommandExecutor.java:174)
at org.openqa.selenium.remote.RemoteWebDriver.execute(RemoteWebDriver.java:545)
at org.openqa.selenium.remote.RemoteWebElement.execute(RemoteWebElement.java:223)
at org.openqa.selenium.remote.RemoteWebElement.click(RemoteWebElement.java:76)
at java.base/jdk.internal.reflect.DirectMethodHandleAccessor.invoke(DirectMethodHandleAccessor.java:103)
at java.base/java.lang.reflect.Method.invoke(Method.java:580)
at org.openqa.selenium.support.pagefactory.internal.LocatingElementHandler.invoke(LocatingElementHandler.java:51)
at jdk.proxy2/jdk.proxy2.$Proxy19.click(Unknown Source)
at DoctorModule.AddPatientAndSearchPatientTest.AddPatientAndSearchPatient(AddPatientAndSearchPatientTest.java:80)
at java.base/jdk.internal.reflect.DirectMethodHandleAccessor.invoke(DirectMethodHandleAccessor.java:103)
at java.base/java.lang.reflect.Method.invoke(Method.java:580)
at org.testng.internal.invokers.MethodInvocationHelper.invokeMethod(MethodInvocationHelper.java:141)
at org.testng.internal.invokers.TestInvoker.invokeMethod(TestInvoker.java:686)
at org.testng.internal.invokers.TestInvoker.invokeTestMethod(TestInvoker.java:230)
at org.testng.internal.invokers.MethodRunner.runInSequence(MethodRunner.java:63)
at org.testng.internal.invokers.TestInvoker$MethodInvocationAgent.invoke(TestInvoker.java:992)
at org.testng.internal.invokers.TestInvoker.invokeTestMethods(TestInvoker.java:203)
at org.testng.internal.invokers.TestMethodWorker.invokeTestMethods(TestMethodWorker.java:154)
at org.testng.internal.invokers.TestMethodWorker.run(TestMethodWorker.java:134)
at java.base/java.util.ArrayList.forEach(ArrayList.java:1596)
at org.testng.TestRunner.privateRun(TestRunner.java:739)
at org.testng.TestRunner.run(TestRunner.java:614)
at org.testng.SuiteRunner.runTest(SuiteRunner.java:421)
at org.testng.SuiteRunner.runSequentially(SuiteRunner.java:413)
at org.testng.SuiteRunner.privateRun(SuiteRunner.java:373)
at org.testng.SuiteRunner.run(SuiteRunner.java:312)
at org.testng.SuiteRunnerWorker.runSuite(SuiteRunnerWorker.java:52)
at org.testng.SuiteRunnerWorker.run(SuiteRunnerWorker.java:95)
at org.testng.TestNG.runSuitesSequentially(TestNG.java:1274)
at org.testng.TestNG.runSuitesLocally(TestNG.java:1208)
at org.testng.TestNG.runSuites(TestNG.java:1112)
at org.testng.TestNG.run(TestNG.java:1079)
at org.testng.remote.AbstractRemoteTestNG.run(AbstractRemoteTestNG.java:115)
at org.testng.remote.RemoteTestNG.initAndRun(RemoteTestNG.java:293)
at org.testng.remote.RemoteTestNG.main(RemoteTestNG.java:91)
]]>
            </full-stacktrace>
          </exception> <!-- org.openqa.selenium.StaleElementReferenceException -->
          <reporter-output>
          </reporter-output>
        </test-method> <!-- AddPatientAndSearchPatient -->
        <test-method is-config="true" signature="configBM()[pri:0, instance:DoctorModule.AddPatientAndSearchPatientTest@682b2fa]" started-at="2025-03-26T10:20:43 IST" name="configBM" finished-at="2025-03-26T10:20:43 IST" duration-ms="36" status="PASS">
          <reporter-output>
          </reporter-output>
        </test-method> <!-- configBM -->
        <test-method is-config="true" signature="configAM()[pri:0, instance:DoctorModule.AddPatientAndSearchPatientTest@682b2fa]" started-at="2025-03-26T10:20:43 IST" name="configAM" finished-at="2025-03-26T10:20:43 IST" duration-ms="0" status="PASS">
          <reporter-output>
          </reporter-output>
        </test-method> <!-- configAM -->
        <test-method signature="UpadatePatientDetails()[pri:0, instance:DoctorModule.AddPatientAndSearchPatientTest@682b2fa]" started-at="2025-03-26T10:20:43 IST" name="UpadatePatientDetails" finished-at="2025-03-26T10:20:59 IST" duration-ms="16282" status="PASS">
          <reporter-output>
          </reporter-output>
        </test-method> <!-- UpadatePatientDetails -->
        <test-method is-config="true" signature="configAM()[pri:0, instance:DoctorModule.AddPatientAndSearchPatientTest@682b2fa]" started-at="2025-03-26T10:20:59 IST" name="configAM" finished-at="2025-03-26T10:20:59 IST" duration-ms="1" status="PASS">
          <reporter-output>
          </reporter-output>
        </test-method> <!-- configAM -->
        <test-method is-config="true" signature="configAC()[pri:0, instance:DoctorModule.AddPatientAndSearchPatientTest@682b2fa]" started-at="2025-03-26T10:20:59 IST" name="configAC" finished-at="2025-03-26T10:20:59 IST" duration-ms="182" status="PASS">
          <reporter-output>
          </reporter-output>
        </test-method> <!-- configAC -->
        <test-method is-config="true" signature="configAS()[pri:0, instance:DoctorModule.AddPatientAndSearchPatientTest@682b2fa]" started-at="2025-03-26T10:21:25 IST" name="configAS" finished-at="2025-03-26T10:21:25 IST" duration-ms="0" status="PASS">
          <reporter-output>
          </reporter-output>
        </test-method> <!-- configAS -->
      </class> <!-- DoctorModule.AddPatientAndSearchPatientTest -->
    </test> <!-- Test -->
  </suite> <!-- Suite -->
</testng-results>
